<?xml version="1.0" encoding="UTF-8"?>
<!-- Generated by org.testng.reporters.JUnitXMLReporter -->
<testsuite hostname="5a69a117d721" failures="0" tests="4" name="AppTest" time="0.014" errors="0" timestamp="25 Oct 2022 20:25:31 GMT">
  <testcase classname="org.martingilday.AppTest" name="aDKTest" time="0.003"/>
  <testcase classname="org.martingilday.AppTest" name="aFastTest" time="0.001"/>
  <testcase classname="org.martingilday.AppTest" name="aFuncTest" time="0.0"/>
  <testcase classname="org.martingilday.AppTest" name="aSlowTest" time="0.0"/>
</testsuite> <!-- AppTest -->
